
*** Running vivado
    with args -log OmegaNetwork.vds -m64 -product Vivado -mode batch -messageDb vivado.pb -notrace -source OmegaNetwork.tcl


****** Vivado v2018.1 (64-bit)
  **** SW Build 2188600 on Wed Apr  4 18:40:38 MDT 2018
  **** IP Build 2185939 on Wed Apr  4 20:55:05 MDT 2018
    ** Copyright 1986-2018 Xilinx, Inc. All Rights Reserved.

source OmegaNetwork.tcl -notrace
Command: synth_design -top OmegaNetwork -part xc7vx485tffg1157-1
Starting synth_design
Attempting to get a license for feature 'Synthesis' and/or device 'xc7vx485t'
INFO: [Common 17-349] Got license for feature 'Synthesis' and/or device 'xc7vx485t'
INFO: Launching helper process for spawning children vivado processes
INFO: Helper process launched with PID 8720 
---------------------------------------------------------------------------------
Starting Synthesize : Time (s): cpu = 00:00:04 ; elapsed = 00:00:06 . Memory (MB): peak = 417.680 ; gain = 98.273
---------------------------------------------------------------------------------
INFO: [Synth 8-6157] synthesizing module 'OmegaNetwork' [C:/Users/H.Omar/Exercies/Banyan2_2/Banyan2_2.srcs/sources_1/new/omega.v:1]
INFO: [Synth 8-6157] synthesizing module 'Banyan2_2' [C:/Users/H.Omar/Exercies/Banyan2_2/Banyan2_2.srcs/sources_1/new/Banyan2_2.v:23]
INFO: [Synth 8-6155] done synthesizing module 'Banyan2_2' (1#1) [C:/Users/H.Omar/Exercies/Banyan2_2/Banyan2_2.srcs/sources_1/new/Banyan2_2.v:23]
INFO: [Synth 8-6155] done synthesizing module 'OmegaNetwork' (2#1) [C:/Users/H.Omar/Exercies/Banyan2_2/Banyan2_2.srcs/sources_1/new/omega.v:1]
---------------------------------------------------------------------------------
Finished Synthesize : Time (s): cpu = 00:00:05 ; elapsed = 00:00:07 . Memory (MB): peak = 472.531 ; gain = 153.125
---------------------------------------------------------------------------------
---------------------------------------------------------------------------------
Finished Constraint Validation : Time (s): cpu = 00:00:05 ; elapsed = 00:00:08 . Memory (MB): peak = 472.531 ; gain = 153.125
---------------------------------------------------------------------------------
---------------------------------------------------------------------------------
Start Loading Part and Timing Information
---------------------------------------------------------------------------------
Loading part: xc7vx485tffg1157-1
INFO: [Device 21-403] Loading part xc7vx485tffg1157-1
---------------------------------------------------------------------------------
Finished Loading Part and Timing Information : Time (s): cpu = 00:00:05 ; elapsed = 00:00:08 . Memory (MB): peak = 472.531 ; gain = 153.125
---------------------------------------------------------------------------------
WARNING: [Synth 8-327] inferring latch for variable 'out_1_reg' [C:/Users/H.Omar/Exercies/Banyan2_2/Banyan2_2.srcs/sources_1/new/Banyan2_2.v:108]
WARNING: [Synth 8-327] inferring latch for variable 'out_2_reg' [C:/Users/H.Omar/Exercies/Banyan2_2/Banyan2_2.srcs/sources_1/new/Banyan2_2.v:113]
---------------------------------------------------------------------------------
Finished RTL Optimization Phase 2 : Time (s): cpu = 00:00:05 ; elapsed = 00:00:08 . Memory (MB): peak = 472.531 ; gain = 153.125
---------------------------------------------------------------------------------

Report RTL Partitions: 
+-+--------------+------------+----------+
| |RTL Partition |Replication |Instances |
+-+--------------+------------+----------+
+-+--------------+------------+----------+
No constraint files found.
---------------------------------------------------------------------------------
Start RTL Component Statistics 
---------------------------------------------------------------------------------
Detailed RTL Component Info : 
+---Registers : 
	                1 Bit    Registers := 96    
+---Muxes : 
	   2 Input      1 Bit        Muxes := 228   
---------------------------------------------------------------------------------
Finished RTL Component Statistics 
---------------------------------------------------------------------------------
---------------------------------------------------------------------------------
Start RTL Hierarchical Component Statistics 
---------------------------------------------------------------------------------
Hierarchical RTL Component report 
Module Banyan2_2 
Detailed RTL Component Info : 
+---Registers : 
	                1 Bit    Registers := 8     
+---Muxes : 
	   2 Input      1 Bit        Muxes := 19    
---------------------------------------------------------------------------------
Finished RTL Hierarchical Component Statistics
---------------------------------------------------------------------------------
---------------------------------------------------------------------------------
Start Part Resource Summary
---------------------------------------------------------------------------------
Part Resources:
DSPs: 2800 (col length:140)
BRAMs: 2060 (col length: RAMB18 140 RAMB36 70)
---------------------------------------------------------------------------------
Finished Part Resource Summary
---------------------------------------------------------------------------------
No constraint files found.
---------------------------------------------------------------------------------
Start Cross Boundary and Area Optimization
---------------------------------------------------------------------------------
Warning: Parallel synthesis criteria is not met 
---------------------------------------------------------------------------------
Finished Cross Boundary and Area Optimization : Time (s): cpu = 00:00:16 ; elapsed = 00:00:25 . Memory (MB): peak = 771.984 ; gain = 452.578
---------------------------------------------------------------------------------

Report RTL Partitions: 
+-+--------------+------------+----------+
| |RTL Partition |Replication |Instances |
+-+--------------+------------+----------+
+-+--------------+------------+----------+
No constraint files found.
---------------------------------------------------------------------------------
Start Timing Optimization
---------------------------------------------------------------------------------
---------------------------------------------------------------------------------
Finished Timing Optimization : Time (s): cpu = 00:00:16 ; elapsed = 00:00:25 . Memory (MB): peak = 771.984 ; gain = 452.578
---------------------------------------------------------------------------------

Report RTL Partitions: 
+-+--------------+------------+----------+
| |RTL Partition |Replication |Instances |
+-+--------------+------------+----------+
+-+--------------+------------+----------+
---------------------------------------------------------------------------------
Start Technology Mapping
---------------------------------------------------------------------------------
---------------------------------------------------------------------------------
Finished Technology Mapping : Time (s): cpu = 00:00:16 ; elapsed = 00:00:25 . Memory (MB): peak = 781.520 ; gain = 462.113
---------------------------------------------------------------------------------

Report RTL Partitions: 
+-+--------------+------------+----------+
| |RTL Partition |Replication |Instances |
+-+--------------+------------+----------+
+-+--------------+------------+----------+
---------------------------------------------------------------------------------
Start IO Insertion
---------------------------------------------------------------------------------
---------------------------------------------------------------------------------
Start Flattening Before IO Insertion
---------------------------------------------------------------------------------
---------------------------------------------------------------------------------
Finished Flattening Before IO Insertion
---------------------------------------------------------------------------------
---------------------------------------------------------------------------------
Start Final Netlist Cleanup
---------------------------------------------------------------------------------
---------------------------------------------------------------------------------
Finished Final Netlist Cleanup
---------------------------------------------------------------------------------
---------------------------------------------------------------------------------
Finished IO Insertion : Time (s): cpu = 00:00:17 ; elapsed = 00:00:26 . Memory (MB): peak = 781.520 ; gain = 462.113
---------------------------------------------------------------------------------
CRITICAL WARNING: [Synth 8-3352] multi-driven net WS0_0 with 1st driver pin 'ins_Banyn0_0/out_1_reg/Q' [C:/Users/H.Omar/Exercies/Banyan2_2/Banyan2_2.srcs/sources_1/new/Banyan2_2.v:108]
CRITICAL WARNING: [Synth 8-3352] multi-driven net WS0_0 with 2nd driver pin 'ins_Banyn0_0/out_1_reg__0/Q' [C:/Users/H.Omar/Exercies/Banyan2_2/Banyan2_2.srcs/sources_1/new/Banyan2_2.v:81]
CRITICAL WARNING: [Synth 8-3352] multi-driven net WS0_1 with 1st driver pin 'ins_Banyn0_0/out_2_reg/Q' [C:/Users/H.Omar/Exercies/Banyan2_2/Banyan2_2.srcs/sources_1/new/Banyan2_2.v:113]
CRITICAL WARNING: [Synth 8-3352] multi-driven net WS0_1 with 2nd driver pin 'ins_Banyn0_0/out_2_reg__0/Q' [C:/Users/H.Omar/Exercies/Banyan2_2/Banyan2_2.srcs/sources_1/new/Banyan2_2.v:87]
CRITICAL WARNING: [Synth 8-3352] multi-driven net WS0_2 with 1st driver pin 'ins_Banyn1_0/out_1_reg/Q' [C:/Users/H.Omar/Exercies/Banyan2_2/Banyan2_2.srcs/sources_1/new/Banyan2_2.v:108]
CRITICAL WARNING: [Synth 8-3352] multi-driven net WS0_2 with 2nd driver pin 'ins_Banyn1_0/out_1_reg__0/Q' [C:/Users/H.Omar/Exercies/Banyan2_2/Banyan2_2.srcs/sources_1/new/Banyan2_2.v:81]
CRITICAL WARNING: [Synth 8-3352] multi-driven net WS0_3 with 1st driver pin 'ins_Banyn1_0/out_2_reg/Q' [C:/Users/H.Omar/Exercies/Banyan2_2/Banyan2_2.srcs/sources_1/new/Banyan2_2.v:113]
CRITICAL WARNING: [Synth 8-3352] multi-driven net WS0_3 with 2nd driver pin 'ins_Banyn1_0/out_2_reg__0/Q' [C:/Users/H.Omar/Exercies/Banyan2_2/Banyan2_2.srcs/sources_1/new/Banyan2_2.v:87]
CRITICAL WARNING: [Synth 8-3352] multi-driven net WS0_4 with 1st driver pin 'ins_Banyn2_0/out_1_reg/Q' [C:/Users/H.Omar/Exercies/Banyan2_2/Banyan2_2.srcs/sources_1/new/Banyan2_2.v:108]
CRITICAL WARNING: [Synth 8-3352] multi-driven net WS0_4 with 2nd driver pin 'ins_Banyn2_0/out_1_reg__0/Q' [C:/Users/H.Omar/Exercies/Banyan2_2/Banyan2_2.srcs/sources_1/new/Banyan2_2.v:81]
CRITICAL WARNING: [Synth 8-3352] multi-driven net WS0_5 with 1st driver pin 'ins_Banyn2_0/out_2_reg/Q' [C:/Users/H.Omar/Exercies/Banyan2_2/Banyan2_2.srcs/sources_1/new/Banyan2_2.v:113]
CRITICAL WARNING: [Synth 8-3352] multi-driven net WS0_5 with 2nd driver pin 'ins_Banyn2_0/out_2_reg__0/Q' [C:/Users/H.Omar/Exercies/Banyan2_2/Banyan2_2.srcs/sources_1/new/Banyan2_2.v:87]
CRITICAL WARNING: [Synth 8-3352] multi-driven net WS0_6 with 1st driver pin 'ins_Banyn3_0/out_1_reg/Q' [C:/Users/H.Omar/Exercies/Banyan2_2/Banyan2_2.srcs/sources_1/new/Banyan2_2.v:108]
CRITICAL WARNING: [Synth 8-3352] multi-driven net WS0_6 with 2nd driver pin 'ins_Banyn3_0/out_1_reg__0/Q' [C:/Users/H.Omar/Exercies/Banyan2_2/Banyan2_2.srcs/sources_1/new/Banyan2_2.v:81]
CRITICAL WARNING: [Synth 8-3352] multi-driven net WS0_7 with 1st driver pin 'ins_Banyn3_0/out_2_reg/Q' [C:/Users/H.Omar/Exercies/Banyan2_2/Banyan2_2.srcs/sources_1/new/Banyan2_2.v:113]
CRITICAL WARNING: [Synth 8-3352] multi-driven net WS0_7 with 2nd driver pin 'ins_Banyn3_0/out_2_reg__0/Q' [C:/Users/H.Omar/Exercies/Banyan2_2/Banyan2_2.srcs/sources_1/new/Banyan2_2.v:87]
CRITICAL WARNING: [Synth 8-3352] multi-driven net WS1_0 with 1st driver pin 'ins_Banyn0_1/out_1_reg/Q' [C:/Users/H.Omar/Exercies/Banyan2_2/Banyan2_2.srcs/sources_1/new/Banyan2_2.v:108]
CRITICAL WARNING: [Synth 8-3352] multi-driven net WS1_0 with 2nd driver pin 'ins_Banyn0_1/out_1_reg__0/Q' [C:/Users/H.Omar/Exercies/Banyan2_2/Banyan2_2.srcs/sources_1/new/Banyan2_2.v:81]
CRITICAL WARNING: [Synth 8-3352] multi-driven net WS1_1 with 1st driver pin 'ins_Banyn0_1/out_2_reg/Q' [C:/Users/H.Omar/Exercies/Banyan2_2/Banyan2_2.srcs/sources_1/new/Banyan2_2.v:113]
CRITICAL WARNING: [Synth 8-3352] multi-driven net WS1_1 with 2nd driver pin 'ins_Banyn0_1/out_2_reg__0/Q' [C:/Users/H.Omar/Exercies/Banyan2_2/Banyan2_2.srcs/sources_1/new/Banyan2_2.v:87]
CRITICAL WARNING: [Synth 8-3352] multi-driven net WS1_2 with 1st driver pin 'ins_Banyn1_1/out_1_reg/Q' [C:/Users/H.Omar/Exercies/Banyan2_2/Banyan2_2.srcs/sources_1/new/Banyan2_2.v:108]
CRITICAL WARNING: [Synth 8-3352] multi-driven net WS1_2 with 2nd driver pin 'ins_Banyn1_1/out_1_reg__0/Q' [C:/Users/H.Omar/Exercies/Banyan2_2/Banyan2_2.srcs/sources_1/new/Banyan2_2.v:81]
CRITICAL WARNING: [Synth 8-3352] multi-driven net WS1_3 with 1st driver pin 'ins_Banyn1_1/out_2_reg/Q' [C:/Users/H.Omar/Exercies/Banyan2_2/Banyan2_2.srcs/sources_1/new/Banyan2_2.v:113]
CRITICAL WARNING: [Synth 8-3352] multi-driven net WS1_3 with 2nd driver pin 'ins_Banyn1_1/out_2_reg__0/Q' [C:/Users/H.Omar/Exercies/Banyan2_2/Banyan2_2.srcs/sources_1/new/Banyan2_2.v:87]
CRITICAL WARNING: [Synth 8-3352] multi-driven net WS1_4 with 1st driver pin 'ins_Banyn2_1/out_1_reg/Q' [C:/Users/H.Omar/Exercies/Banyan2_2/Banyan2_2.srcs/sources_1/new/Banyan2_2.v:108]
CRITICAL WARNING: [Synth 8-3352] multi-driven net WS1_4 with 2nd driver pin 'ins_Banyn2_1/out_1_reg__0/Q' [C:/Users/H.Omar/Exercies/Banyan2_2/Banyan2_2.srcs/sources_1/new/Banyan2_2.v:81]
CRITICAL WARNING: [Synth 8-3352] multi-driven net WS1_5 with 1st driver pin 'ins_Banyn2_1/out_2_reg/Q' [C:/Users/H.Omar/Exercies/Banyan2_2/Banyan2_2.srcs/sources_1/new/Banyan2_2.v:113]
CRITICAL WARNING: [Synth 8-3352] multi-driven net WS1_5 with 2nd driver pin 'ins_Banyn2_1/out_2_reg__0/Q' [C:/Users/H.Omar/Exercies/Banyan2_2/Banyan2_2.srcs/sources_1/new/Banyan2_2.v:87]
CRITICAL WARNING: [Synth 8-3352] multi-driven net WS1_6 with 1st driver pin 'ins_Banyn3_1/out_1_reg/Q' [C:/Users/H.Omar/Exercies/Banyan2_2/Banyan2_2.srcs/sources_1/new/Banyan2_2.v:108]
CRITICAL WARNING: [Synth 8-3352] multi-driven net WS1_6 with 2nd driver pin 'ins_Banyn3_1/out_1_reg__0/Q' [C:/Users/H.Omar/Exercies/Banyan2_2/Banyan2_2.srcs/sources_1/new/Banyan2_2.v:81]
CRITICAL WARNING: [Synth 8-3352] multi-driven net WS1_7 with 1st driver pin 'ins_Banyn3_1/out_2_reg/Q' [C:/Users/H.Omar/Exercies/Banyan2_2/Banyan2_2.srcs/sources_1/new/Banyan2_2.v:113]
CRITICAL WARNING: [Synth 8-3352] multi-driven net WS1_7 with 2nd driver pin 'ins_Banyn3_1/out_2_reg__0/Q' [C:/Users/H.Omar/Exercies/Banyan2_2/Banyan2_2.srcs/sources_1/new/Banyan2_2.v:87]
CRITICAL WARNING: [Synth 8-3352] multi-driven net OutData_OBUF[0] with 1st driver pin 'ins_Banyn0_2/out_1_reg__0/Q' [C:/Users/H.Omar/Exercies/Banyan2_2/Banyan2_2.srcs/sources_1/new/Banyan2_2.v:81]
CRITICAL WARNING: [Synth 8-3352] multi-driven net OutData_OBUF[0] with 2nd driver pin 'ins_Banyn0_2/out_1_reg/Q' [C:/Users/H.Omar/Exercies/Banyan2_2/Banyan2_2.srcs/sources_1/new/Banyan2_2.v:108]
CRITICAL WARNING: [Synth 8-3352] multi-driven net OutData_OBUF[1] with 1st driver pin 'ins_Banyn0_2/out_2_reg__0/Q' [C:/Users/H.Omar/Exercies/Banyan2_2/Banyan2_2.srcs/sources_1/new/Banyan2_2.v:87]
CRITICAL WARNING: [Synth 8-3352] multi-driven net OutData_OBUF[1] with 2nd driver pin 'ins_Banyn0_2/out_2_reg/Q' [C:/Users/H.Omar/Exercies/Banyan2_2/Banyan2_2.srcs/sources_1/new/Banyan2_2.v:113]
CRITICAL WARNING: [Synth 8-3352] multi-driven net OutData_OBUF[2] with 1st driver pin 'ins_Banyn1_2/out_1_reg__0/Q' [C:/Users/H.Omar/Exercies/Banyan2_2/Banyan2_2.srcs/sources_1/new/Banyan2_2.v:81]
CRITICAL WARNING: [Synth 8-3352] multi-driven net OutData_OBUF[2] with 2nd driver pin 'ins_Banyn1_2/out_1_reg/Q' [C:/Users/H.Omar/Exercies/Banyan2_2/Banyan2_2.srcs/sources_1/new/Banyan2_2.v:108]
CRITICAL WARNING: [Synth 8-3352] multi-driven net OutData_OBUF[3] with 1st driver pin 'ins_Banyn1_2/out_2_reg__0/Q' [C:/Users/H.Omar/Exercies/Banyan2_2/Banyan2_2.srcs/sources_1/new/Banyan2_2.v:87]
CRITICAL WARNING: [Synth 8-3352] multi-driven net OutData_OBUF[3] with 2nd driver pin 'ins_Banyn1_2/out_2_reg/Q' [C:/Users/H.Omar/Exercies/Banyan2_2/Banyan2_2.srcs/sources_1/new/Banyan2_2.v:113]
CRITICAL WARNING: [Synth 8-3352] multi-driven net OutData_OBUF[4] with 1st driver pin 'ins_Banyn2_2/out_1_reg__0/Q' [C:/Users/H.Omar/Exercies/Banyan2_2/Banyan2_2.srcs/sources_1/new/Banyan2_2.v:81]
CRITICAL WARNING: [Synth 8-3352] multi-driven net OutData_OBUF[4] with 2nd driver pin 'ins_Banyn2_2/out_1_reg/Q' [C:/Users/H.Omar/Exercies/Banyan2_2/Banyan2_2.srcs/sources_1/new/Banyan2_2.v:108]
CRITICAL WARNING: [Synth 8-3352] multi-driven net OutData_OBUF[5] with 1st driver pin 'ins_Banyn2_2/out_2_reg__0/Q' [C:/Users/H.Omar/Exercies/Banyan2_2/Banyan2_2.srcs/sources_1/new/Banyan2_2.v:87]
CRITICAL WARNING: [Synth 8-3352] multi-driven net OutData_OBUF[5] with 2nd driver pin 'ins_Banyn2_2/out_2_reg/Q' [C:/Users/H.Omar/Exercies/Banyan2_2/Banyan2_2.srcs/sources_1/new/Banyan2_2.v:113]
CRITICAL WARNING: [Synth 8-3352] multi-driven net OutData_OBUF[6] with 1st driver pin 'ins_Banyn3_2/out_1_reg__0/Q' [C:/Users/H.Omar/Exercies/Banyan2_2/Banyan2_2.srcs/sources_1/new/Banyan2_2.v:81]
CRITICAL WARNING: [Synth 8-3352] multi-driven net OutData_OBUF[6] with 2nd driver pin 'ins_Banyn3_2/out_1_reg/Q' [C:/Users/H.Omar/Exercies/Banyan2_2/Banyan2_2.srcs/sources_1/new/Banyan2_2.v:108]
CRITICAL WARNING: [Synth 8-3352] multi-driven net OutData_OBUF[7] with 1st driver pin 'ins_Banyn3_2/out_2_reg__0/Q' [C:/Users/H.Omar/Exercies/Banyan2_2/Banyan2_2.srcs/sources_1/new/Banyan2_2.v:87]
CRITICAL WARNING: [Synth 8-3352] multi-driven net OutData_OBUF[7] with 2nd driver pin 'ins_Banyn3_2/out_2_reg/Q' [C:/Users/H.Omar/Exercies/Banyan2_2/Banyan2_2.srcs/sources_1/new/Banyan2_2.v:113]

Report Check Netlist: 
+------+------------------+-------+---------+-------+------------------+
|      |Item              |Errors |Warnings |Status |Description       |
+------+------------------+-------+---------+-------+------------------+
|1     |multi_driven_nets |      0|       24|Failed |Multi driven nets |
+------+------------------+-------+---------+-------+------------------+
---------------------------------------------------------------------------------
Start Renaming Generated Instances
---------------------------------------------------------------------------------
---------------------------------------------------------------------------------
Finished Renaming Generated Instances : Time (s): cpu = 00:00:17 ; elapsed = 00:00:26 . Memory (MB): peak = 781.520 ; gain = 462.113
---------------------------------------------------------------------------------

Report RTL Partitions: 
+-+--------------+------------+----------+
| |RTL Partition |Replication |Instances |
+-+--------------+------------+----------+
+-+--------------+------------+----------+
---------------------------------------------------------------------------------
Start Rebuilding User Hierarchy
---------------------------------------------------------------------------------
---------------------------------------------------------------------------------
Finished Rebuilding User Hierarchy : Time (s): cpu = 00:00:17 ; elapsed = 00:00:26 . Memory (MB): peak = 781.520 ; gain = 462.113
---------------------------------------------------------------------------------
---------------------------------------------------------------------------------
Start Renaming Generated Ports
---------------------------------------------------------------------------------
---------------------------------------------------------------------------------
Finished Renaming Generated Ports : Time (s): cpu = 00:00:17 ; elapsed = 00:00:26 . Memory (MB): peak = 781.520 ; gain = 462.113
---------------------------------------------------------------------------------
---------------------------------------------------------------------------------
Start Handling Custom Attributes
---------------------------------------------------------------------------------
---------------------------------------------------------------------------------
Finished Handling Custom Attributes : Time (s): cpu = 00:00:17 ; elapsed = 00:00:26 . Memory (MB): peak = 781.520 ; gain = 462.113
---------------------------------------------------------------------------------
---------------------------------------------------------------------------------
Start Renaming Generated Nets
---------------------------------------------------------------------------------
---------------------------------------------------------------------------------
Finished Renaming Generated Nets : Time (s): cpu = 00:00:17 ; elapsed = 00:00:26 . Memory (MB): peak = 781.520 ; gain = 462.113
---------------------------------------------------------------------------------
---------------------------------------------------------------------------------
Start Writing Synthesis Report
---------------------------------------------------------------------------------

Report BlackBoxes: 
+-+--------------+----------+
| |BlackBox name |Instances |
+-+--------------+----------+
+-+--------------+----------+

Report Cell Usage: 
+------+-----+------+
|      |Cell |Count |
+------+-----+------+
|1     |BUFG |     1|
|2     |LUT2 |    80|
|3     |LUT3 |    32|
|4     |LUT4 |    24|
|5     |LUT5 |    16|
|6     |LUT6 |    24|
|7     |FDRE |   120|
|8     |LD   |    24|
|9     |IBUF |     9|
|10    |OBUF |     8|
+------+-----+------+

Report Instance Areas: 
+------+---------------+-------------+------+
|      |Instance       |Module       |Cells |
+------+---------------+-------------+------+
|1     |top            |             |   338|
|2     |  ins_Banyn0_0 |Banyan2_2    |    26|
|3     |  ins_Banyn0_1 |Banyan2_2_0  |    26|
|4     |  ins_Banyn0_2 |Banyan2_2_1  |    28|
|5     |  ins_Banyn1_0 |Banyan2_2_2  |    26|
|6     |  ins_Banyn1_1 |Banyan2_2_3  |    26|
|7     |  ins_Banyn1_2 |Banyan2_2_4  |    28|
|8     |  ins_Banyn2_0 |Banyan2_2_5  |    26|
|9     |  ins_Banyn2_1 |Banyan2_2_6  |    26|
|10    |  ins_Banyn2_2 |Banyan2_2_7  |    28|
|11    |  ins_Banyn3_0 |Banyan2_2_8  |    26|
|12    |  ins_Banyn3_1 |Banyan2_2_9  |    26|
|13    |  ins_Banyn3_2 |Banyan2_2_10 |    28|
+------+---------------+-------------+------+
---------------------------------------------------------------------------------
Finished Writing Synthesis Report : Time (s): cpu = 00:00:17 ; elapsed = 00:00:26 . Memory (MB): peak = 781.520 ; gain = 462.113
---------------------------------------------------------------------------------
Synthesis finished with 0 errors, 48 critical warnings and 2 warnings.
Synthesis Optimization Runtime : Time (s): cpu = 00:00:17 ; elapsed = 00:00:26 . Memory (MB): peak = 781.520 ; gain = 462.113
Synthesis Optimization Complete : Time (s): cpu = 00:00:17 ; elapsed = 00:00:26 . Memory (MB): peak = 781.520 ; gain = 462.113
INFO: [Project 1-571] Translating synthesized netlist
INFO: [Netlist 29-17] Analyzing 33 Unisim elements for replacement
INFO: [Netlist 29-28] Unisim Transformation completed in 0 CPU seconds
INFO: [Project 1-570] Preparing netlist for logic optimization
INFO: [Opt 31-138] Pushed 0 inverter(s) to 0 load pin(s).
INFO: [Project 1-111] Unisim Transformation Summary:
  A total of 24 instances were transformed.
  LD => LDCE: 24 instances

INFO: [Common 17-83] Releasing license: Synthesis
13 Infos, 2 Warnings, 48 Critical Warnings and 0 Errors encountered.
synth_design completed successfully
synth_design: Time (s): cpu = 00:00:22 ; elapsed = 00:00:33 . Memory (MB): peak = 892.719 ; gain = 585.945
INFO: [Common 17-1381] The checkpoint 'C:/Users/H.Omar/Exercies/Banyan2_2/Banyan2_2.runs/synth_1/OmegaNetwork.dcp' has been generated.
INFO: [runtcl-4] Executing : report_utilization -file OmegaNetwork_utilization_synth.rpt -pb OmegaNetwork_utilization_synth.pb
report_utilization: Time (s): cpu = 00:00:00 ; elapsed = 00:00:00.291 . Memory (MB): peak = 892.719 ; gain = 0.000
INFO: [Common 17-206] Exiting Vivado at Thu Dec 26 16:30:08 2019...
